"H:/GitHub/realtime-projects/Content/SciFi_Head/Cinematics/LevelSequence/LevelSequence_SciFiHead.uasset" 0
"H:/GitHub/realtime-projects/Content/SciFi_UFO/Audio/SFX/Boring-SFX_1.uasset" 1
"H:/GitHub/realtime-projects/Content/SciFi_UFO/Audio/SFX/DayEffect.uasset" 2
"H:/GitHub/realtime-projects/Content/SciFi_UFO/Audio/SFX/SFX_18.uasset" 3
"H:/GitHub/realtime-projects/Content/SciFi_UFO/Audio/SFX/SFX_19.uasset" 4
"H:/GitHub/realtime-projects/Content/SciFi_UFO/Audio/SFX/SFX_20.uasset" 5
"../../../Engine/Content/EngineMaterials/T_Default_Material_Grid_N.uasset" 6
"../../../Engine/Content/EngineMaterials/T_Default_Material_Grid_M.uasset" 7
"../../../Engine/Content/Functions/Engine_MaterialFunctions01/Opacity/CameraDepthFade.uasset" 8
"../../../Engine/Content/EngineMaterials/WorldGridMaterial.uasset" 9
"../../../Engine/Content/ArtTools/RenderToTexture/Meshes/S_1_Unit_Plane.uasset" 10
"../../../Engine/Content/EngineMaterials/DefaultMaterial.uasset" 11
"../../../Engine/Content/BasicShapes/Cone.uasset" 12
"../../../Engine/Content/EditorLandscapeResources/DataLayer.uasset" 13
"../../../Engine/Content/EditorLandscapeResources/DefaultAlphaTexture.uasset" 14
"../../../Engine/Content/EditorMaterials/MAT_Groups_Toggle.uasset" 15
"../../../Engine/Content/EditorMaterials/MAT_Groups_Visibility.uasset" 16
"../../../Engine/Content/EditorMaterials/PreviewShadowIndicator.uasset" 17
"../../../Engine/Content/EditorMaterials/PreviewShadowIndicatorMaterial.uasset" 18
"../../../Engine/Content/EditorMaterials/MatineeGroups/MAT_ColorTrack.uasset" 19
"../../../Engine/Content/EditorMaterials/MatineeGroups/MAT_Groups_Anim.uasset" 20
"../../../Engine/Content/EditorMaterials/MatineeGroups/MAT_Groups_AudioMaster.uasset" 21
"../../../Engine/Content/EditorMaterials/MatineeGroups/MAT_Groups_Director.uasset" 22
"../../../Engine/Content/EditorMaterials/MatineeGroups/MAT_Groups_Event.uasset" 23
"../../../Engine/Content/EditorMaterials/MatineeGroups/MAT_Groups_Fade.uasset" 24
"../../../Engine/Content/EditorMaterials/MatineeGroups/MAT_Groups_Float.uasset" 25
"../../../Engine/Content/EditorMaterials/MatineeGroups/MAT_Groups_Move.uasset" 26
"../../../Engine/Content/EditorMaterials/MatineeGroups/MAT_Groups_Slomo.uasset" 27
"../../../Engine/Content/EditorMaterials/MatineeGroups/MAT_Groups_Sound.uasset" 28
"../../../Engine/Content/EditorMaterials/MatineeGroups/MAT_Groups_Vector.uasset" 29
"../../../Engine/Content/EditorMaterials/ParticleSystems/PSysThumbnail_NoImage.uasset" 30
"../../../Engine/Content/EditorMaterials/ParticleSystems/PSysThumbnail_OOD.uasset" 31
"../../../Engine/Content/EditorMaterials/Camera/CineMat.uasset" 32
"../../../Engine/Content/EditorMaterials/Camera/MI_CineMat_Rig.uasset" 33
"../../../Engine/Content/EditorMeshes/Camera/SM_CraneRig_Arm.uasset" 34
"../../../Engine/Content/EditorMeshes/Camera/SM_CraneRig_Base.uasset" 35
"../../../Engine/Content/EditorMeshes/Camera/SM_CraneRig_Body.uasset" 36
"../../../Engine/Content/EditorMeshes/Camera/SM_CraneRig_Mount.uasset" 37
"../../../Engine/Content/EditorMeshes/Camera/SM_RailRig_Mount.uasset" 38
"../../../Engine/Content/EditorMeshes/Camera/SM_RailRig_Track.uasset" 39
"../../../Engine/Content/EditorResources/BSPVertex.uasset" 40
"../../../Engine/Content/EditorResources/EmptyActor.uasset" 41
"../../../Engine/Content/EditorResources/S_Actor.uasset" 42
"../../../Engine/Content/EditorResources/S_Note.uasset" 43
"../../../Engine/Content/EditorResources/S_Solver.uasset" 44
"../../../Engine/Content/EditorResources/S_Terrain.uasset" 45
"../../../Engine/Content/EditorResources/S_Trigger.uasset" 46
"../../../Engine/Content/EditorResources/AudioIcons/S_AudioComponent_AutoActivate.uasset" 47
"../../../Engine/Content/EditorResources/LightIcons/S_LightError.uasset" 48
"../../../Engine/Content/EditorResources/SequenceRecorder/Countdown.uasset" 49
"../../../Engine/Content/EditorResources/SequenceRecorder/RecordingIndicator.uasset" 50
"../../../Engine/Content/EngineDamageTypes/DmgTypeBP_Environmental.uasset" 51
"../../../Engine/Content/EngineDebugMaterials/DebugEditorMaterial.uasset" 52
"../../../Engine/Content/EngineDebugMaterials/DebugMeshMaterial.uasset" 53
"../../../Engine/Content/EngineDebugMaterials/M_SimpleUnlitTranslucent.uasset" 54
"../../../Engine/Content/EngineDebugMaterials/VolumeToRender.uasset" 55
"../../../Engine/Content/Functions/Engine_MaterialFunctions02/Utility/CameraDirectionVector.uasset" 56
"../../../Engine/Content/EngineDebugMaterials/M_VolumeRenderSphereTracePP.uasset" 57
"../../../Engine/Content/Functions/Engine_MaterialFunctions01/Shading/ConvertFromDiffSpec.uasset" 58
"../../../Engine/Content/EngineDebugMaterials/VertexColorMaterial.uasset" 59
"../../../Engine/Content/EngineDebugMaterials/WireframeMaterial.uasset" 60
"../../../Engine/Content/EngineFonts/Faces/RobotoRegular.uasset" 61
"../../../Engine/Content/EngineFonts/Faces/RobotoLight.uasset" 62
"../../../Engine/Content/EngineFonts/Faces/RobotoItalic.uasset" 63
"../../../Engine/Content/EngineFonts/Faces/RobotoBoldItalic.uasset" 64
"../../../Engine/Content/EngineFonts/Faces/RobotoBold.uasset" 65
"../../../Engine/Content/EngineFonts/Faces/DroidSansFallback.uasset" 66
"../../../Engine/Content/EngineFonts/Roboto.uasset" 67
"../../../Engine/Content/EngineMaterials/BaseFlattenNormalMap.uasset" 68
"../../../Engine/Content/EngineMaterials/BaseFlattenGrayscaleMap.uasset" 69
"../../../Engine/Content/EngineMaterials/BaseFlattenEmissiveMap.uasset" 70
"../../../Engine/Content/EngineMaterials/BaseFlattenDiffuseMap.uasset" 71
"../../../Engine/Content/EngineMaterials/BaseFlattenMaterial.uasset" 72
"../../../Engine/Content/EngineMaterials/BlueNoise.uasset" 73
"../../../Engine/Content/EngineMaterials/DefaultBloomKernel.uasset" 74
"../../../Engine/Content/EngineMaterials/DefaultBokeh.uasset" 75
"../../../Engine/Content/EngineMaterials/DefaultDiffuse.uasset" 76
"../../../Engine/Content/EngineMaterials/DefaultDeferredDecalMaterial.uasset" 77
"../../../Engine/Content/EngineMaterials/DefaultLightFunctionMaterial.uasset" 78
"../../../Engine/Content/Functions/Engine_MaterialFunctions02/Utility/BreakOutFloat2Components.uasset" 79
"../../../Engine/Content/EngineMaterials/DefaultPostProcessMaterial.uasset" 80
"../../../Engine/Content/EngineFonts/RobotoDistanceField.uasset" 81
"../../../Engine/Content/EngineMaterials/DefaultTextMaterialOpaque.uasset" 82
"../../../Engine/Content/EngineMaterials/DefaultWhiteGrid_Low.uasset" 83
"../../../Engine/Content/EngineMaterials/EmissiveMeshMaterial.uasset" 84
"../../../Engine/Content/EngineMaterials/GizmoMaterial.uasset" 85
"../../../Engine/Content/EngineMaterials/Good64x64TilingNoiseHighFreq.uasset" 86
"../../../Engine/Content/EngineMaterials/MiniFont.uasset" 87
"../../../Engine/Content/EngineMaterials/InvalidLightmapSettings.uasset" 88
"../../../Engine/Content/EngineMaterials/M_InvalidLightmapSettings.uasset" 89
"../../../Engine/Content/Functions/Engine_MaterialFunctions02/WorldPositionOffset/CameraOffset.uasset" 90
"../../../Engine/Content/EngineMaterials/PhAT_JointLimitMaterial.uasset" 91
"../../../Engine/Content/EngineMaterials/PreintegratedSkinBRDF.uasset" 92
"../../../Engine/Content/EngineMaterials/RemoveSurfaceMaterial.uasset" 93
"../../../Engine/Content/EngineResources/WhiteSquareTexture.uasset" 94
"../../../Engine/Content/EngineMaterials/Widget3DPassThrough.uasset" 95
"../../../Engine/Content/EngineMaterials/Widget3DPassThrough_Masked.uasset" 96
"../../../Engine/Content/EngineMaterials/Widget3DPassThrough_Opaque.uasset" 97
"../../../Engine/Content/EngineMaterials/Widget3DPassThrough_Masked_OneSided.uasset" 98
"../../../Engine/Content/EngineMaterials/Widget3DPassThrough_Opaque_OneSided.uasset" 99
"../../../Engine/Content/EngineMaterials/Widget3DPassThrough_Translucent.uasset" 100
"../../../Engine/Content/EngineMaterials/Widget3DPassThrough_Translucent_OneSided.uasset" 101
"../../../Engine/Content/EngineMeshes/Cylinder.uasset" 102
"../../../Engine/Content/EngineMeshes/Sphere.uasset" 103
"../../../Engine/Content/EngineResources/DefaultTextureCube.uasset" 104
"../../../Engine/Content/EngineResources/DefaultVolumeTexture2D.uasset" 105
"../../../Engine/Content/EngineResources/DefaultVolumeTexture.uasset" 106
"../../../Engine/Content/EngineResources/GradientTexture0.uasset" 107
"../../../Engine/Content/EngineSky/VolumetricClouds/T_NoiseShape64.uasset" 108
"../../../Engine/Content/EngineSky/VolumetricClouds/T_VolumeNoiseShape64.uasset" 109
"../../../Engine/Content/EngineSky/VolumetricClouds/T_NoiseErosion.uasset" 110
"../../../Engine/Content/EngineSky/VolumetricClouds/T_VolumeNoiseErosion32.uasset" 111
"../../../Engine/Content/Functions/Engine_MaterialFunctions02/Utility/MakeFloat2.uasset" 112
"../../../Engine/Content/EngineSky/VolumetricClouds/CloudWeatherTexture.uasset" 113
"../../../Engine/Content/EngineSky/VolumetricClouds/CloudGradientTexture.uasset" 114
"../../../Engine/Content/EngineSky/VolumetricClouds/m_SimpleVolumetricCloud.uasset" 115
"../../../Engine/Content/EngineSky/VolumetricClouds/m_SimpleVolumetricCloud_Inst.uasset" 116
"../../../Engine/Content/EngineSounds/Master.uasset" 117
"../../../Engine/Content/Functions/Engine_MaterialFunctions01/Shading/PowerToRoughness.uasset" 118
"../../../Engine/Content/Maps/Templates/Thumbnails/Default.uasset" 119
"../../../Engine/Content/Maps/Templates/Thumbnails/TimeOfDay.uasset" 120
"../../../Engine/Content/Maps/Templates/Thumbnails/VR-Basic.uasset" 121
"../../../Engine/Content/MobileResources/T_MobileControls_texture.uasset" 122
"../../../Engine/Content/MobileResources/T_MobileMenu2.uasset" 123
"../../../Engine/Content/MobileResources/HUD/AnalogHat.uasset" 124
"../../../Engine/Content/MobileResources/HUD/VirtualJoystick_Thumb.uasset" 125
"../../../Engine/Content/MobileResources/HUD/VirtualJoystick_Background.uasset" 126
"../../../Engine/Content/MobileResources/HUD/DefaultVirtualJoysticks.uasset" 127
"../../../Engine/Content/MobileResources/HUD/LeftVirtualJoystickOnly.uasset" 128
"../../../Engine/Content/MobileResources/HUD/MobileHUDButton1_off.uasset" 129
"../../../Engine/Content/MobileResources/HUD/MobileHUDButton1_on.uasset" 130
"../../../Engine/Content/MobileResources/HUD/MobileHUDButton2_off.uasset" 131
"../../../Engine/Content/MobileResources/HUD/MobileHUDButton2_on.uasset" 132
"../../../Engine/Content/MobileResources/HUD/MobileHUDButton3.uasset" 133
"../../../Engine/Content/MobileResources/HUD/MobileHUDButtonFire.uasset" 134
"../../../Engine/Content/MobileResources/HUD/MobileHUDDirectionPad.uasset" 135
"../../../Engine/Content/MobileResources/HUD/MobileHUDDirectionPad2.uasset" 136
"../../../Engine/Content/MobileResources/HUD/MobileHUDDirectionPad3.uasset" 137
"../../../Engine/Content/MobileResources/HUD/MobileHUDDirectionStick.uasset" 138
"../../../Engine/Content/MobileResources/HUD/T_Castle_ThumbstickInner.uasset" 139
"../../../Engine/Content/MobileResources/HUD/T_Castle_ThumbstickOutter.uasset" 140
"../../../Engine/Content/Tutorial/ContentIntroCurve.uasset" 141
"../../../Engine/Content/Tutorial/Basics/LevelEditorAttract.uasset" 142
"../../../Engine/Content/Tutorial/SubEditors/MaterialEditorTutorial.uasset" 143
"../../../Engine/Content/Tutorial/SubEditors/TutorialAssets/TutorialMaterial.uasset" 144
"../../../Engine/Content/VREditor/TransformGizmo/TranslucentTransformGizmoMaterial.uasset" 145
"../../../Engine/Content/VREditor/LaserPointer/VR_LaserPower_01.uasset" 146
"../../../Engine/Content/VREditor/TransformGizmo/TransformGizmoMaterial.uasset" 147
"../../../Engine/Content/VREditor/TransformGizmo/BoundingBoxCorner.uasset" 148
"../../../Engine/Content/VREditor/TransformGizmo/BoundingBoxEdge.uasset" 149
"../../../Engine/Content/VREditor/TransformGizmo/PlaneTranslationHandle.uasset" 150
"../../../Engine/Content/VREditor/TransformGizmo/Xray.uasset" 151
"../../../Engine/Content/VREditor/TransformGizmo/Main.uasset" 152
"../../../Engine/Content/VREditor/TransformGizmo/SM_Sequencer_Key.uasset" 153
"../../../Engine/Content/VREditor/TransformGizmo/SM_Sequencer_Node.uasset" 154
"../../Plugins/2D/Paper2D/Content/PlaceholderTextures/DummySpriteTexture.uasset" 155
"../../Plugins/2D/Paper2D/Content/DummySprite.uasset" 156
"../../Plugins/2D/Paper2D/Content/DefaultPaperTerrainMaterial.uasset" 157
"../../Plugins/2D/Paper2D/Content/DefaultSpriteMaterial.uasset" 158
"../../Plugins/2D/Paper2D/Content/MaskedUnlitSpriteMaterial.uasset" 159
"../../Plugins/2D/Paper2D/Content/OpaqueUnlitSpriteMaterial.uasset" 160
"../../Plugins/Editor/SpeedTreeImporter/Content/SpeedTree9/game_wind_noise.uasset" 161
"../../../Engine/Content/Functions/Engine_MaterialFunctions02/Utility/BreakOutFloat3Components.uasset" 162
"../../../Engine/Content/Functions/Engine_MaterialFunctions02/ObjectLocalBounds.uasset" 163
"../../../Engine/Content/EngineResources/DefaultTexture.uasset" 164
"../../Plugins/Editor/SpeedTreeImporter/Content/SpeedTree9/UnpackInteger3.uasset" 165
"../../Plugins/Editor/SpeedTreeImporter/Content/SpeedTree9/UnpackDirection.uasset" 166
"../../../Engine/Content/Functions/Engine_MaterialFunctions02/SafeNormalize.uasset" 167
"../../Plugins/Editor/SpeedTreeImporter/Content/SpeedTree9/SpeedTreeWindMotion.uasset" 168
"../../Plugins/Editor/SpeedTreeImporter/Content/SpeedTree9/SpeedTreeBranchMotion.uasset" 169
"../../../Engine/Content/Functions/Engine_MaterialFunctions02/UVs/BoundingBoxBased_0-1_UVW.uasset" 170
"../../Plugins/Editor/SpeedTreeImporter/Content/SpeedTree9/SpeedTreeWind.uasset" 171
"../../Plugins/Editor/SpeedTreeImporter/Content/SpeedTree9/SpeedTreeBillboard.uasset" 172
"../../Plugins/Editor/SpeedTreeImporter/Content/SpeedTree9/SpeedTreeBillboardMaster.uasset" 173
"../../Plugins/Editor/SpeedTreeImporter/Content/SpeedTree9/SpeedTreeCameraFacing.uasset" 174
"../../Plugins/Editor/SpeedTreeImporter/Content/SpeedTree9/SpeedTreeMaster.uasset" 175
"../../../Engine/Content/BasicShapes/Cylinder.uasset" 176
"../../../Engine/Content/ArtTools/RenderToTexture/Materials/Debug/M_Emissive_Color.uasset" 177
"../../Plugins/Lumin/MagicLeapPassableWorld/Content/MagicLeapARPinInfoActor.uasset" 178
"../../Plugins/Experimental/Water/Content/Curves/FloatCurve.uasset" 179
"../../Plugins/Experimental/Water/Content/Curves/FloatCurve_WaterBodyIsland.uasset" 180
"../../Plugins/Experimental/Water/Content/Meshes/LakeMesh.uasset" 181
"../../Plugins/Experimental/Water/Content/Meshes/RiverMesh.uasset" 182
"../../Plugins/Experimental/Water/Content/Waves/GerstnerWaves_Lake.uasset" 183
"../../Plugins/Experimental/Water/Content/Waves/GerstnerWaves_Ocean.uasset" 184
"../../../Engine/Content/Functions/Engine_MaterialFunctions02/Utility/MakeFloat3.uasset" 185
"../../../Engine/Content/Functions/Engine_MaterialFunctions02/Utility/BreakOutFloat4Components.uasset" 186
"../../Plugins/Runtime/Oculus/OculusVR/Content/Materials/OculusMR_ChromaKey.uasset" 187
"../../Plugins/Runtime/Oculus/OculusVR/Content/Materials/OculusMR_OpaqueColoredMaterial.uasset" 188
"../../Plugins/Runtime/Oculus/OculusVR/Content/Materials/PokeAHoleMaterial.uasset" 189
"H:/GitHub/realtime-projects/Content/SciFi_Head/Textures/VAT/Rigid_Statue/vertex_animation_textures1_mesh.uasset" 190
"H:/GitHub/realtime-projects/Content/SciFi_Head/Textures/Terrain/SandyDarkRockGround/SandyDarkRockGround_normal.uasset" 191
"H:/GitHub/realtime-projects/Content/SciFi_Head/Textures/Terrain/SandyDarkRockGround/SandyDarkRockGround_height.uasset" 192
"H:/GitHub/realtime-projects/Content/SciFi_Head/Textures/Terrain/SandyDarkRockGround/SandyDarkRockGround_basecolor.uasset" 193
"H:/GitHub/realtime-projects/Content/SciFi_Head/Textures/Terrain/MarsSurfacePebbles/MarsSurfacePebbles_mrao.uasset" 194
"H:/GitHub/realtime-projects/Content/SciFi_Head/Textures/Terrain/MarsSurfacePebbles/MarsSurfacePebbles_height.uasset" 195
"H:/GitHub/realtime-projects/Content/SciFi_Head/Textures/Terrain/MarsSurfacePebbles/MarsSurfacePebbles_basecolor.uasset" 196
"H:/GitHub/realtime-projects/Content/SciFi_Head/Textures/Terrain/DesertSandPebbles_normal.uasset" 197
"H:/GitHub/realtime-projects/Content/SciFi_Head/Textures/Nois/Noise.uasset" 198
"H:/GitHub/realtime-projects/Content/SciFi_Head/Meshes/ZeusMassiveCanyoneStone/SM_Massive_Canyone_Stone.uasset" 199
"H:/GitHub/realtime-projects/Content/SciFi_Head/Meshes/Terrain/Terrain_bg_fbx_9.uasset" 200
"H:/GitHub/realtime-projects/Content/SciFi_Head/Meshes/Terrain/Terrain_bg_fbx_8.uasset" 201
"H:/GitHub/realtime-projects/Content/SciFi_Head/Meshes/Terrain/Terrain_bg_fbx_7.uasset" 202
"H:/GitHub/realtime-projects/Content/SciFi_Head/Meshes/Terrain/Terrain_bg_fbx_6.uasset" 203
"H:/GitHub/realtime-projects/Content/SciFi_Head/Meshes/Terrain/Terrain_bg_fbx_5.uasset" 204
"H:/GitHub/realtime-projects/Content/SciFi_Head/Meshes/Terrain/Terrain_bg_fbx_4.uasset" 205
"H:/GitHub/realtime-projects/Content/SciFi_Head/Meshes/Terrain/Terrain_bg_fbx_3.uasset" 206
"H:/GitHub/realtime-projects/Content/SciFi_Head/Meshes/Terrain/Terrain_bg_fbx_2.uasset" 207
"H:/GitHub/realtime-projects/Content/SciFi_Head/Meshes/Terrain/Terrain_bg_fbx_16.uasset" 208
"H:/GitHub/realtime-projects/Content/SciFi_Head/Meshes/Terrain/Terrain_bg_fbx_15.uasset" 209
"H:/GitHub/realtime-projects/Content/SciFi_Head/Meshes/Terrain/Terrain_bg_fbx_14.uasset" 210
"H:/GitHub/realtime-projects/Content/SciFi_Head/Meshes/Terrain/Terrain_bg_fbx_13.uasset" 211
"H:/GitHub/realtime-projects/Content/SciFi_Head/Meshes/Terrain/Terrain_bg_fbx_12.uasset" 212
"H:/GitHub/realtime-projects/Content/SciFi_Head/Meshes/Terrain/Terrain_bg_fbx_11.uasset" 213
"H:/GitHub/realtime-projects/Content/SciFi_Head/Meshes/Terrain/Terrain_bg_fbx_10.uasset" 214
"H:/GitHub/realtime-projects/Content/SciFi_Head/Meshes/Terrain/Terrain_bg_fbx_1.uasset" 215
"H:/GitHub/realtime-projects/Content/SciFi_Head/Textures/RomanTrim/RomanTrim_normal.uasset" 216
"H:/GitHub/realtime-projects/Content/SciFi_Head/Textures/RomanTrim/RomanTrim_mrao.uasset" 217
"H:/GitHub/realtime-projects/Content/SciFi_Head/Textures/RomanTrim/RomanTrim_basecolor.uasset" 218
"H:/GitHub/realtime-projects/Content/SciFi_Head/Meshes/SciFi_Brutalist_Building/200827_Brutalism_thickness.uasset" 219
"H:/GitHub/realtime-projects/Content/SciFi_Head/Meshes/SciFi_Brutalist_Building/200827_Brutalism_ao4.uasset" 220
"H:/GitHub/realtime-projects/Content/SciFi_Head/Meshes/SciFi_Brutalist_Building/M_SciFi_Brutalist_Building.uasset" 221
"H:/GitHub/realtime-projects/Content/SciFi_Head/Meshes/SciFi_Brutalist_Building/Brutalism_SciFi_Building_scale.uasset" 222
"H:/GitHub/realtime-projects/Content/SciFi_Head/Textures/ChunkyBrokenConcreteWall/ChunkyBrokenConcreteWall_normal.uasset" 223
"H:/GitHub/realtime-projects/Content/SciFi_Head/Meshes/QuickProceduralRocks/FastRock3/HOU_to_SP_Baker_OcclusionRoughnessMetallic.uasset" 224
"H:/GitHub/realtime-projects/Content/SciFi_Head/Meshes/QuickProceduralRocks/FastRock3/HOU_to_SP_Baker_Normal.uasset" 225
"H:/GitHub/realtime-projects/Content/SciFi_Head/Meshes/QuickProceduralRocks/FastRock1/T_FastRock2_BaseColor.uasset" 226
"H:/GitHub/realtime-projects/Content/SciFi_Head/Meshes/QuickProceduralRocks/gameres_demoscene_thickness.uasset" 227
"H:/GitHub/realtime-projects/Content/SciFi_Head/Meshes/QuickProceduralRocks/gameres_demoscene_height.uasset" 228
"H:/GitHub/realtime-projects/Content/SciFi_Head/Meshes/QuickProceduralRocks/gameres_demoscene_ao.uasset" 229
"H:/GitHub/realtime-projects/Content/SciFi_Head/Meshes/QuickProceduralRocks/M_QuickProceduralRocks.uasset" 230
"H:/GitHub/realtime-projects/Content/SciFi_Head/Meshes/QuickProceduralRocks/MI_QuickProceduralRock2.uasset" 231
"H:/GitHub/realtime-projects/Content/SciFi_Head/Meshes/QuickProceduralRocks/QuickProceduralRocks.uasset" 232
"H:/GitHub/realtime-projects/Content/SciFi_Head/Meshes/QuickProceduralRocks/FastRock3/HOU_to_SP_Baker_BaseColor.uasset" 233
"H:/GitHub/realtime-projects/Content/SciFi_Head/Meshes/QuickProceduralRocks/MI_QuickProceduralRock3.uasset" 234
"H:/GitHub/realtime-projects/Content/SciFi_Head/Meshes/QuickProceduralRocks/FastRock3/SM_FastRock3.uasset" 235
"H:/GitHub/realtime-projects/Content/SciFi_Head/Meshes/QuickProceduralRocks/FastRock1/T_FastRock2_OcclusionRoughnessMetallic.uasset" 236
"H:/GitHub/realtime-projects/Content/SciFi_Head/Meshes/QuickProceduralRocks/FastRock1/T_FastRock2_Normal.uasset" 237
"H:/GitHub/realtime-projects/Content/SciFi_Head/Meshes/QuickProceduralRocks/FastRock1/MI_FastRock2.uasset" 238
"H:/GitHub/realtime-projects/Content/SciFi_Head/Meshes/QuickProceduralRocks/FastRock1/SM_fast_rock2.uasset" 239
"H:/GitHub/realtime-projects/Content/SciFi_Head/Meshes/Pillar/gameres_demoscene_worldnormal.uasset" 240
"H:/GitHub/realtime-projects/Content/SciFi_Head/Meshes/Pillar/gameres_demoscene_height.uasset" 241
"H:/GitHub/realtime-projects/Content/SciFi_Head/Meshes/Pillar/gameres_demoscene_color.uasset" 242
"H:/GitHub/realtime-projects/Content/SciFi_Head/Meshes/Pillar/gameres_demoscene_ao.uasset" 243
"H:/GitHub/realtime-projects/Content/SciFi_Head/Meshes/Pillar/M_Pillar.uasset" 244
"H:/GitHub/realtime-projects/Content/SciFi_Head/Meshes/Pillar/MI_Pillar.uasset" 245
"H:/GitHub/realtime-projects/Content/SciFi_Head/Meshes/Pillar/Pillar.uasset" 246
"../../../Engine/Content/Functions/Engine_MaterialFunctions01/Gradient/LinearGradient.uasset" 247
"../../../Engine/Content/Functions/Engine_MaterialFunctions01/ImageAdjustment/CheapContrast.uasset" 248
"H:/GitHub/realtime-projects/Content/SciFi_Cow/Textures/SciFi_sculpture/200221_SciFi_Desert_sculpture_PM3D_SciFi_Desert_Ztool_009_BaseColor.uasset" 249
"../../../Engine/Content/Functions/Engine_MaterialFunctions01/WorldPositionOffset/SimpleGrassWind.uasset" 250
"../../../Engine/Content/Functions/Engine_MaterialFunctions01/Texturing/WorldAlignedTexture.uasset" 251
"H:/GitHub/realtime-projects/Content/SciFi_Head/Materials/Grass/M_Grass.uasset" 252
"H:/GitHub/realtime-projects/Content/SciFi_Head/Textures/Grass/Grass2.uasset" 253
"H:/GitHub/realtime-projects/Content/SciFi_Head/Materials/Grass/MI_Grass.uasset" 254
"H:/GitHub/realtime-projects/Content/SciFi_Head/Meshes/Grass_Card/SM_Grass_Card1.uasset" 255
"H:/GitHub/realtime-projects/Content/SciFi_Head/Textures/Grass/Plant_Color.uasset" 256
"H:/GitHub/realtime-projects/Content/SciFi_Head/Materials/Grass/MI_Plant.uasset" 257
"H:/GitHub/realtime-projects/Content/SciFi_Head/Meshes/Grass_Card/Plant.uasset" 258
"H:/GitHub/realtime-projects/Content/SciFi_Head/Meshes/Clouds_Billboard/Clouds_Billboard.uasset" 259
"H:/GitHub/realtime-projects/Content/SciFi_Head/Meshes/ABC_Mask/200814_ABC_Mask_Bake_roughness.uasset" 260
"H:/GitHub/realtime-projects/Content/SciFi_Head/Meshes/ABC_Mask/200814_ABC_Mask_Bake_normal.uasset" 261
"H:/GitHub/realtime-projects/Content/SciFi_Head/Meshes/ABC_Mask/200814_ABC_Mask_Bake_ao.uasset" 262
"H:/GitHub/realtime-projects/Content/SciFi_Head/Meshes/ABC_Mask/M_ABC_Mask.uasset" 263
"H:/GitHub/realtime-projects/Content/SciFi_Head/Meshes/ABC_Mask/ABC_Mask_export.uasset" 264
"../../../Engine/Content/EngineMaterials/WeightMapPlaceholderTexture.uasset" 265
"../../../Engine/Content/MapTemplates/TilingNoise05.uasset" 266
"../../../Engine/Content/EngineResources/Black.uasset" 267
"H:/GitHub/realtime-projects/Content/SciFi_Head/Textures/VAT/Rigid_Statue/vertex_animation_textures1_rot.uasset" 268
"H:/GitHub/realtime-projects/Content/SciFi_Head/Textures/VAT/Rigid_Statue/vertex_animation_textures1_pos.uasset" 269
"../../../Engine/Content/EngineMaterials/FlatNormal.uasset" 270
"../../../Engine/Content/Functions/Engine_MaterialFunctions02/WorldPositionOffset/ObjectPivotPoint.uasset" 271
"../../../Engine/Content/Functions/Engine_MaterialFunctions02/Utility/BlendAngleCorrectedNormals.uasset" 272
"H:/GitHub/realtime-projects/Content/SciFi_UFO/VAT/Rigid/Mat_VAT_Rigid.uasset" 273
"H:/GitHub/realtime-projects/Content/SciFi_Head/Textures/VAT/Rigid_Statue/201209_SciFi_Head_AR_012_ao.uasset" 274
"H:/GitHub/realtime-projects/Content/SciFi_Head/Textures/VAT/Rigid_Statue/MI_VAT_Rigid_Statue.uasset" 275
"H:/GitHub/realtime-projects/Content/SciFi_Cow/Textures/SciFi_Building/200509_SciFi_building_002_ao.uasset" 276
"H:/GitHub/realtime-projects/Content/SciFi_Head/Meshes/SciFi_Brutalist_Building/MI_SciFi_Brutalist_Building2.uasset" 277
"H:/GitHub/realtime-projects/Content/SciFi_Head/Meshes/SciFi_Brutalist_Building/MI_SciFi_Brutalist_Building.uasset" 278
"H:/GitHub/realtime-projects/Content/SciFi_Head/Meshes/ABC_Mask/MI_ABC_Mask.uasset" 279
"../../../Engine/Content/Functions/Engine_MaterialFunctions01/Texturing/BitMask.uasset" 280
"H:/GitHub/realtime-projects/Content/SciFi_Head/Materials/PP/M_segmentationMaterial.uasset" 281
"H:/GitHub/realtime-projects/Content/SciFi_Head/Materials/PP/MI_segmentationMaterial.uasset" 282
"H:/GitHub/realtime-projects/Content/MSPresets/MSTextures/noise_mask.uasset" 283
"H:/GitHub/realtime-projects/Content/Primate/Textures/TurbulantNoise.uasset" 284
"H:/GitHub/realtime-projects/Content/SciFi_Head/Textures/Terrain/MarsSurfacePebbles/MarsSurfacePebbles_normal.uasset" 285
"H:/GitHub/realtime-projects/Content/SciFi_Head/Materials/M_Terrain_MASTER.uasset" 286
"H:/GitHub/realtime-projects/Content/SciFi_Head/Materials/MI_Terrain_MarsSurface.uasset" 287
"H:/GitHub/realtime-projects/Content/SciFi_Head/Textures/SciFi_Head/SciFi_Head2__mat_defaultMat_Emissive.uasset" 288
"H:/GitHub/realtime-projects/Content/SciFi_Head/Textures/CoalWall/CoalWall_normal.uasset" 289
"H:/GitHub/realtime-projects/Content/SciFi_Head/Textures/CoalWall/CoalWall_mrao.uasset" 290
"H:/GitHub/realtime-projects/Content/SciFi_Head/Textures/CoalWall/CoalWall_basecolor.uasset" 291
"H:/GitHub/realtime-projects/Content/SciFi_Head/Textures/SciFi_Tower/T_SciFi_Tower_AO.uasset" 292
"H:/GitHub/realtime-projects/Content/SciFi_Head/Materials/M_BaseRock.uasset" 293
"H:/GitHub/realtime-projects/Content/SciFi_Head/Textures/Terrain/DesertSandPebbles_mrao.uasset" 294
"H:/GitHub/realtime-projects/Content/SciFi_Head/Textures/Terrain/DesertSandPebbles_basecolor.uasset" 295
"H:/GitHub/realtime-projects/Content/SciFi_Head/Materials/MI_Terrain_DesertSand_bg.uasset" 296
"../../../Engine/Content/EngineMaterials/DefaultNormal.uasset" 297
"H:/GitHub/realtime-projects/Content/SciFi_Head/Textures/Clouds_Billboard/Clouds_Billboard2.uasset" 298
"H:/GitHub/realtime-projects/Content/SciFi_Head/Textures/Clouds_Billboard/Flowmap_color.uasset" 299
"H:/GitHub/realtime-projects/Content/SciFi_Head/Textures/Clouds_Billboard/Clouds_Billboard.uasset" 300
"../../../Engine/Content/Functions/Engine_MaterialFunctions02/Math/Transform3x3Matrix.uasset" 301
"../../../Engine/Content/Functions/Engine_MaterialFunctions02/Math/TimeWithSpeedVariable.uasset" 302
"../../../Engine/Content/Functions/Engine_MaterialFunctions02/Math/MakeVectorsOrthogonal.uasset" 303
"../../../Engine/Content/Functions/Engine_MaterialFunctions02/Utility/LinearSine.uasset" 304
"../../../Engine/Content/Functions/Engine_MaterialFunctions02/Math/AddComponents.uasset" 305
"../../../Engine/Content/Functions/Engine_MaterialFunctions02/ExampleContent/Textures/LowResBlurredNoise.uasset" 306
"../../../Engine/Content/Functions/Engine_MaterialFunctions02/Texturing/FlowMaps_Simple.uasset" 307
"../../../Engine/Content/Functions/Engine_MaterialFunctions02/ExampleContent/Textures/water_n.uasset" 308
"H:/GitHub/realtime-projects/Content/SciFi_Head/Materials/Clouds/M_Clouds_Billboard.uasset" 309
"H:/GitHub/realtime-projects/Content/SciFi_Head/Materials/Clouds/MI_Clouds_Billboard2.uasset" 310
"H:/GitHub/realtime-projects/Content/SciFi_Head/Materials/Clouds/MI_Clouds_Billboard.uasset" 311
"../../Plugins/Experimental/Water/Content/Textures/Normals/T_Water_TilingNormal_Waves_02.uasset" 312
"../../Plugins/Experimental/Water/Content/Textures/Foam/T_WaterFlow_01_Foam_Tiled_N.uasset" 313
"../../../Engine/Content/MaterialTemplates/Textures/T_Noise01.uasset" 314
"H:/GitHub/realtime-projects/Content/SciFi_Head/Material/Materials/Water/M_SingleLayerWater.uasset" 315
"H:/GitHub/realtime-projects/Content/SciFi_Head/Material/Materials/Water/MI_SingleLayerWater.uasset" 316
"../../Plugins/Experimental/Landmass/Content/Landscape/Mats/MF/SmoothTerracing.uasset" 317
"../../Plugins/Experimental/Landmass/Content/Landscape/Mats/MF/SmoothIntersections.uasset" 318
"../../../Engine/Content/Functions/Engine_MaterialFunctions02/WorldPositionOffset/GenerateASpline.uasset" 319
"../../Plugins/Experimental/Landmass/Content/Landscape/Mats/MF/CatmullRomTexture.uasset" 320
"../../../Engine/Content/Functions/Engine_MaterialFunctions01/Math/SmoothCeil.uasset" 321
"../../Plugins/Experimental/Landmass/Content/Landscape/Mats/MF/BrushTerracing.uasset" 322
"../../../Engine/Content/Functions/Engine_MaterialFunctions01/ImageAdjustment/SCurve.uasset" 323
"../../Plugins/Experimental/Landmass/Content/Landscape/Mats/MF/BrushDisplaceMask.uasset" 324
"../../Plugins/Experimental/Landmass/Content/Landscape/Mats/MF/BrushBlendModes.uasset" 325
"../../../Engine/Content/EngineResources/Black_Low.uasset" 326
"../../Plugins/Experimental/Landmass/Content/Landscape/Mats/MF/BrushAlphaMask.uasset" 327
"../../Plugins/Experimental/Landmass/Content/Landscape/Mats/MF/UnpackRG8Height.uasset" 328
"../../Plugins/Experimental/Landmass/Content/Landscape/BlueprintBrushes/MPC/MPC_Landscape.uasset" 329
"../../Plugins/Experimental/Landmass/Content/Landscape/BlueprintBrushes/MF/PointSampleLandscapeUVs.uasset" 330
"../../Plugins/Experimental/Landmass/Content/Landscape/BlueprintBrushes/MF/ReadCachedDistanceField.uasset" 331
"../../Plugins/Experimental/Landmass/Content/Landscape/BlueprintBrushes/MF/PackRG8Height.uasset" 332
"../../Plugins/Experimental/Water/Content/Materials/Brushes/MeshBrush_Width.uasset" 333
"../../Plugins/Experimental/Water/Content/Materials/Brushes/MeshBrush_Weightmap.uasset" 334
"../../Plugins/Experimental/Landmass/Content/Landscape/BlueprintBrushes/MF/BrushBlendModes.uasset" 335
"../../Plugins/Experimental/Landmass/Content/Landscape/Curves/DynamicCurve_RT.uasset" 336
"../../Plugins/Experimental/Water/Content/Materials/Brushes/MeshBrush_Island.uasset" 337
"../../Plugins/Experimental/Landmass/Content/Landscape/BlueprintBrushes/MF/SmoothIntersections.uasset" 338
"../../Plugins/Experimental/Landmass/Content/Landscape/BlueprintBrushes/MF/BrushTerracing.uasset" 339
"../../Plugins/Experimental/Landmass/Content/Landscape/BlueprintBrushes/MF/BrushDisplaceMask.uasset" 340
"../../Plugins/Experimental/Landmass/Content/Landscape/BlueprintBrushes/MF/BrushAlphaMask.uasset" 341
"../../Plugins/Experimental/Water/Content/Materials/Brushes/MeshBrush_Angle.uasset" 342
"../../Plugins/Experimental/Water/Content/Materials/MPC/MPC_Water.uasset" 343
"../../Plugins/Experimental/Landmass/Content/Landscape/BlueprintBrushes/MF/UnpackRG8Height.uasset" 344
"../../Plugins/Experimental/Water/Content/Materials/Brushes/FinalizeWaterTexture.uasset" 345
"../../Plugins/Experimental/Landmass/Content/Landscape/BlueprintBrushes/MF/LocalizeLandscapeZValue.uasset" 346
"../../Plugins/Experimental/Water/Content/Materials/Brushes/CompositeWaterBodyTexture.uasset" 347
"../../Plugins/Experimental/Water/Content/Materials/Brushes/CanvasDrawing.uasset" 348
"../../../Engine/Content/Functions/Engine_MaterialFunctions02/TangentBasis.uasset" 349
"../../Plugins/Experimental/Landmass/Content/Landscape/BlueprintBrushes/Materials/RenderSplineDepths.uasset" 350
"../../../Engine/Content/Functions/Engine_MaterialFunctions02/Utility/VectorLength.uasset" 351
"../../Plugins/Experimental/Landmass/Content/Landscape/Mats/MPC/MPC_Erosion.uasset" 352
"../../Plugins/Experimental/Landmass/Content/Landscape/BlueprintBrushes/MF/SampleDistanceField.uasset" 353
"../../Plugins/Experimental/Landmass/Content/Landscape/BlueprintBrushes/Materials/CacheDistanceField.uasset" 354
"../../Plugins/Experimental/Landmass/Content/DistanceFields/Materials/JumpFloodStep.uasset" 355
"../../Plugins/Experimental/Landmass/Content/Landscape/Textures/LS_Debug_RT_01.uasset" 356
"../../Plugins/Experimental/Landmass/Content/DistanceFields/Materials/DetectEdges.uasset" 357
"../../Plugins/Experimental/Landmass/Content/DistanceFields/Materials/BlurEdges.uasset" 358
"H:/GitHub/realtime-projects/Content/SciFi_Head/Maps/Campaign1/SciFiHead_Scene_003_BuiltData.uasset" 359
"H:/GitHub/realtime-projects/Content/SciFi_Head/Maps/Campaign1/SciFiHead_Scene_003_sharedassets/LayerGround_LayerInfo.uasset" 360
"H:/GitHub/realtime-projects/Content/SciFi_Head/Maps/Campaign1/SciFiHead_Scene_003_sharedassets/LayerDirt_LayerInfo.uasset" 361
"H:/GitHub/realtime-projects/Content/SciFi_Head/Meshes/QuickProceduralRocks/FT_Rock.uasset" 362
"H:/GitHub/realtime-projects/Content/SciFi_Head/Meshes/QuickProceduralRocks/FT_FastRock1.uasset" 363
"H:/GitHub/realtime-projects/Content/SciFi_Head/Meshes/QuickProceduralRocks/FastRock3/FT_FastRock3.uasset" 364
"H:/GitHub/realtime-projects/Content/SciFi_Head/Meshes/Grass_Card/FT_Plant.uasset" 365
"H:/GitHub/realtime-projects/Content/SciFi_Head/Textures/Grass/Grass3.uasset" 366
"H:/GitHub/realtime-projects/Content/SciFi_Head/Materials/Grass/MI_Grass3.uasset" 367
"H:/GitHub/realtime-projects/Content/SciFi_Head/Meshes/Grass_Card/SM_Grass_Card3.uasset" 368
"H:/GitHub/realtime-projects/Content/SciFi_Head/Meshes/Grass_Card/FT_Grass3.uasset" 369
"H:/GitHub/realtime-projects/Content/SciFi_Head/Materials/Grass/MI_Grass2.uasset" 370
"H:/GitHub/realtime-projects/Content/SciFi_Head/Meshes/Grass_Card/SM_Grass_Card2.uasset" 371
"H:/GitHub/realtime-projects/Content/SciFi_Head/Meshes/Grass_Card/FT_Grass2.uasset" 372
"H:/GitHub/realtime-projects/Content/SciFi_Head/Animations/Animation_Sequence/Player/New_Avatar_Animation/Avatar_walking_PhysicsAsset.uasset" 373
"../../../Engine/Content/EngineMeshes/Humanoid.uasset" 374
"H:/GitHub/realtime-projects/Content/SciFi_Head/Animations/Animation_Sequence/Player/New_Avatar_Animation/Avatar_walking_Skeleton.uasset" 375
"H:/GitHub/realtime-projects/Content/SciFi_Head/Animations/Animation_Sequence/Player/New_Avatar_Animation/201209_MainCharacter_SciFi_Pro_Ztool_001.uasset" 376
"H:/GitHub/realtime-projects/Content/SciFi_Head/Animations/Animation_Sequence/Player/New_Avatar_Animation/Avatar_walking.uasset" 377
"../../../Engine/Content/Animation/DefaultAnimCurveCompressionSettings.uasset" 378
"../../../Engine/Content/Animation/DefaultAnimBoneCompressionSettings.uasset" 379
"H:/GitHub/realtime-projects/Content/SciFi_Head/Animations/Animation_Sequence/Player/New_Avatar_Animation/Avatar_walking_Anim.uasset" 380
"H:/GitHub/realtime-projects/Content/SciFi_Head/Animations/Animation_Sequence/Player/New_Avatar_Animation/Avatar_idle.uasset" 381
"H:/GitHub/realtime-projects/Content/SciFi_Head/Animations/Animation_Sequence/Player/New_Avatar_Animation/BS_walking.uasset" 382
"H:/GitHub/realtime-projects/Content/SciFi_Head/Animations/Animation_Sequence/Player/New_Avatar_Animation/ABP_walking.uasset" 383
"H:/GitHub/realtime-projects/Content/SciFi_Cow/Blueprints/BI_SciFi_Cow.uasset" 384
"H:/GitHub/realtime-projects/Content/SciFi_UFO/Audio/SFX/SC_PP_SFX.uasset" 385
"H:/GitHub/realtime-projects/Content/SciFi_UFO/Textures/FuturisticTechPanelsBare_Unreal2kBitmap/FuturisticTechPanelsBare_basecolor.uasset" 386
"../../../Engine/Content/Functions/Engine_MaterialFunctions02/Lerp_3Color.uasset" 387
"../../../Engine/Content/Functions/Engine_MaterialFunctions01/Gradient/BoxMask-2D.uasset" 388
"H:/GitHub/realtime-projects/Content/SciFi_UFO/Materials/MaterialFunctions/MF_BoxMask.uasset" 389
"H:/GitHub/realtime-projects/Content/GlobalAssets/Materials/PP/M_PP.uasset" 390
"H:/GitHub/realtime-projects/Content/GlobalAssets/Materials/PP/MI_PP3.uasset" 391
"H:/GitHub/realtime-projects/Content/GlobalAssets/Materials/PP/MI_PP2.uasset" 392
"H:/GitHub/realtime-projects/Content/GlobalAssets/Materials/PP/MI_PP1.uasset" 393
"H:/GitHub/realtime-projects/Content/GlobalAssets/Materials/PP/MI_PP.uasset" 394
"../../../Engine/Content/BasicShapes/Sphere.uasset" 395
"../../../Engine/Content/EditorBlueprintResources/StandardMacros.uasset" 396
"H:/GitHub/realtime-projects/Content/SciFi_UFO/Blueprint/BI_UFO_Sim.uasset" 397
"H:/GitHub/realtime-projects/Content/SciFi_Head/Audio/SFX/Kontour_Sinus_Bomb_2.uasset" 398
"H:/GitHub/realtime-projects/Content/SciFi_Head/Animations/RBD/ObeliskDestory/SM_ObeliskDestroy.uasset" 399
"H:/GitHub/realtime-projects/Content/SciFi_Head/Textures/MuddyStone/MuddyStone_basecolor.uasset" 400
"H:/GitHub/realtime-projects/Content/SciFi_Head/Animations/RBD/ObeliskDestory/M_ObeliskDestroy.uasset" 401
"H:/GitHub/realtime-projects/Content/SciFi_Head/Animations/RBD/ObeliskDestory/SM_ObeliskDestroy_sim_Skeleton.uasset" 402
"H:/GitHub/realtime-projects/Content/SciFi_Head/Animations/RBD/ObeliskDestory/SM_ObeliskDestroy_sim_PhysicsAsset.uasset" 403
"H:/GitHub/realtime-projects/Content/SciFi_Head/Animations/RBD/ObeliskDestory/SM_ObeliskDestroy_sim.uasset" 404
"H:/GitHub/realtime-projects/Content/SciFi_Head/Animations/RBD/ObeliskDestory/SM_ObeliskDestroy_sim_Anim.uasset" 405
"H:/GitHub/realtime-projects/Content/SciFi_Head/Animations/RBD/ObeliskDestory/BP_ObeliskDestroy_Anim.uasset" 406
"H:/GitHub/realtime-projects/Content/SciFi_Head/Animations/RBD/ObeliskDestory/BP_ObeliskDestroy.uasset" 407
"H:/GitHub/realtime-projects/Content/Primate/Sound/SoundFx/Laser_2_Trigger.uasset" 408
"H:/GitHub/realtime-projects/Content/SciFi_Cow/Textures/SciFi_sculpture/200221_SciFi_Desert_sculpture_PM3D_SciFi_Desert_Ztool_009_OcclusionRoughnessMetallic.uasset" 409
"H:/GitHub/realtime-projects/Content/SciFi_Cow/Textures/SciFi_sculpture/200221_SciFi_Desert_sculpture_PM3D_SciFi_Desert_Ztool_009_Normal.uasset" 410
"H:/GitHub/realtime-projects/Content/SciFi_Cow/Meshes/M_SciFi_UFO.uasset" 411
"H:/GitHub/realtime-projects/Content/SciFi_Cow/Meshes/MI_SciFi_MaskHead.uasset" 412
"H:/GitHub/realtime-projects/Content/Primate/Meshes/MaskHead_maya_export.uasset" 413
"../../../Engine/Content/Tutorial/SubEditors/TutorialAssets/T_soft_smoke.uasset" 414
"../../../Engine/Content/Tutorial/SubEditors/TutorialAssets/T_SmokeSubUV_8X8.uasset" 415
"../../../Engine/Content/Tutorial/SubEditors/TutorialAssets/M_smoke_subUV_blackbody.uasset" 416
"../../../Engine/Content/Tutorial/SubEditors/TutorialAssets/TutorialParticleSystem.uasset" 417
"H:/GitHub/realtime-projects/Content/SciFi_UFO/VAT/Face/vertex_animation_textures1_mesh.uasset" 418
"H:/GitHub/realtime-projects/Content/SciFi_UFO/VAT/Face/vertex_animation_textures1_rot.uasset" 419
"H:/GitHub/realtime-projects/Content/SciFi_UFO/VAT/Face/vertex_animation_textures1_pos.uasset" 420
"H:/GitHub/realtime-projects/Content/SciFi_UFO/VAT/Face/Mat_VAT_Soft_Head.uasset" 421
"H:/GitHub/realtime-projects/Content/SciFi_UFO/Blueprint/BP_PhysicsObject.uasset" 422
"H:/GitHub/realtime-projects/Content/SciFi_UFO/Blueprint/BP_Bullet_UFO.uasset" 423
"H:/GitHub/realtime-projects/Content/SciFi_Head/Materials/Grass/M_translucent.uasset" 424
"H:/GitHub/realtime-projects/Content/_Game/Blueprint/BP_Avatar.uasset" 425
"H:/GitHub/realtime-projects/Content/_Game/Blueprint/BP_GameMode.uasset" 426
"../../../Engine/Content/BasicShapes/Plane.uasset" 427
"H:/GitHub/realtime-projects/Content/SciFi_Head/Textures/OldStoneWall/OldStoneWall_normal.uasset" 428
"H:/GitHub/realtime-projects/Content/SciFi_Head/Textures/OldStoneWall/OldStoneWall_mrao.uasset" 429
"H:/GitHub/realtime-projects/Content/SciFi_Head/Textures/OldStoneWall/OldStoneWall_basecolor.uasset" 430
"H:/GitHub/realtime-projects/Content/SciFi_Head/Materials/MI_Street_Curbs.uasset" 431
"../../../Engine/Content/BasicShapes/BasicShapeMaterial.uasset" 432
"H:/GitHub/realtime-projects/Content/Megascans/3D_Asset/02_Street_Curbs_sepxW/Aset_cement_curbs_S_sepxW_2K_Displacement.uasset" 433
"H:/GitHub/realtime-projects/Content/Megascans/3D_Asset/02_Street_Curbs_sepxW/Aset_cement_curbs_S_sepxW_2K_Albedo.uasset" 434
"../../../Engine/Content/EngineMaterials/BlendFunc_DefBlend.uasset" 435
"../../../Engine/Content/EngineMaterials/BlendFunc_DefBase.uasset" 436
"../../../Engine/Content/Functions/Engine_MaterialFunctions03/Blends/Blend_Overlay.uasset" 437
"../../../Engine/Content/Functions/Engine_MaterialFunctions02/Math/MultiplyAdd.uasset" 438
"../../../Engine/Content/EngineMaterials/DefaultWhiteGrid.uasset" 439
"H:/GitHub/realtime-projects/Content/Megascans/Master_Materials/Standard_MasterMaterial.uasset" 440
"H:/GitHub/realtime-projects/Content/Megascans/3D_Asset/02_Street_Curbs_sepxW/Aset_cement_curbs_S_sepxW_2K_Roughness.uasset" 441
"H:/GitHub/realtime-projects/Content/Megascans/3D_Asset/02_Street_Curbs_sepxW/Aset_cement_curbs_S_sepxW_2K_Normal_LOD3.uasset" 442
"H:/GitHub/realtime-projects/Content/Megascans/3D_Asset/02_Street_Curbs_sepxW/02_Street_Curbs_sepxW_2K_inst.uasset" 443
"H:/GitHub/realtime-projects/Content/SciFi_Head/Meshes/Street_Curbs/he_surface_instancer_2_3_0_1_0.uasset" 444
"H:/GitHub/realtime-projects/Content/SciFi_Head/Materials/MI_BaseRock.uasset" 445
"H:/GitHub/realtime-projects/Content/SciFi_Head/HDA/Baking/SM_Scifi_Tower.uasset" 446
"H:/GitHub/realtime-projects/Content/SciFi_Head/HDA/Baking/scifi_tower_da_2_0_4_0_0.uasset" 447
"H:/GitHub/realtime-projects/Content/SciFi_Head/Textures/MuddyStone/MuddyStone_mrao.uasset" 448
"H:/GitHub/realtime-projects/Content/SciFi_Head/Textures/MuddyStone/MuddyStone_normal.uasset" 449
"H:/GitHub/realtime-projects/Content/SciFi_Head/Materials/MI_MuddyStone.uasset" 450
"H:/GitHub/realtime-projects/Content/SciFi_Head/HDA/Baking/scifi_terrain_da_5_5_4_0_0_01.uasset" 451
"H:/GitHub/realtime-projects/Content/SciFi_Head/Textures/SciFi_Head/SciFi_Head2__mat_defaultMat_OcclusionRoughnessMetallic.uasset" 452
"H:/GitHub/realtime-projects/Content/SciFi_Head/Textures/SciFi_Head/SciFi_Head2__mat_defaultMat_Normal.uasset" 453
"H:/GitHub/realtime-projects/Content/SciFi_Head/Textures/SciFi_Head/SciFi_Head2__mat_defaultMat_BaseColor.uasset" 454
"H:/GitHub/realtime-projects/Content/SciFi_Head/Materials/MI_SciFi_Head.uasset" 455
"H:/GitHub/realtime-projects/Content/SciFi_Head/HDA/Baking/scifi_head_da_2_3_0_0_0.uasset" 456
"H:/GitHub/realtime-projects/Content/SciFi_Head/Audio/Music/210904_Desert_NoAnimals_loop.uasset" 457
"H:/GitHub/realtime-projects/Content/Primate/Characters/Primate/DefaultMaterial_Roughness.uasset" 458
"H:/GitHub/realtime-projects/Content/Primate/Characters/Primate/DefaultMaterial_Normal_DirectX.uasset" 459
"H:/GitHub/realtime-projects/Content/Primate/Characters/Primate/DefaultMaterial_Base_Color.uasset" 460
"H:/GitHub/realtime-projects/Content/Primate/Characters/Primate/M_Primate.uasset" 461
"H:/GitHub/realtime-projects/Content/SciFi_Head/Animations/Animation_Sequence/Player/MI_Avatar.uasset" 462
"H:/GitHub/realtime-projects/Content/SciFi_Cow/Textures/SciFi_Building/M_SciFi_Building.uasset" 463
"H:/GitHub/realtime-projects/Content/SciFi_Cow/Textures/SciFi_Building/MI_SciFi_Building.uasset" 464
"H:/GitHub/realtime-projects/Content/SciFi_Cow/Meshes/200509_da_scifi_building_2_8_3_0_0.uasset" 465
"H:/GitHub/realtime-projects/Content/SciFi_Cow/200509_da_scifi_building_2_8_3_0_0.uasset" 466
"H:/GitHub/realtime-projects/Content/SciFi_Head/Textures/SciFi_torus/SciFi_shape1_Torus_export_DefaultMaterial_OcclusionRoughnessMetallic.uasset" 467
"H:/GitHub/realtime-projects/Content/SciFi_Head/Textures/SciFi_torus/SciFi_shape1_Torus_export_DefaultMaterial_Normal.uasset" 468
"H:/GitHub/realtime-projects/Content/SciFi_Head/Textures/SciFi_torus/SciFi_shape1_Torus_export_DefaultMaterial_BaseColor.uasset" 469
"H:/GitHub/realtime-projects/Content/SciFi_Head/Materials/MI_SciFi_shape_torus.uasset" 470
"H:/GitHub/realtime-projects/Content/SciFi_Head/Meshes/SciFi_SpaceShip/SM_UFO.uasset" 471
"../../../Engine/Content/EngineMaterials/DefaultPhysicalMaterial.uasset" 472
"H:/GitHub/realtime-projects/Content/SciFi_Head/Textures/Sky/TexturesCom_Skies0220_2_L.uasset" 473
"H:/GitHub/realtime-projects/Content/SciFi_Head/Materials/Sky/M_Sky.uasset" 474
"H:/GitHub/realtime-projects/Content/SciFi_Head/Materials/Sky/MI_Sky.uasset" 475
"H:/GitHub/realtime-projects/Content/Primate/Characters/Primate/MI_Primate.uasset" 476
"H:/GitHub/realtime-projects/Content/Primate/Textures/Primate/Primate_Color.uasset" 477
"H:/GitHub/realtime-projects/Content/Primate/Textures/Primate/Primate_Normal.uasset" 478
"H:/GitHub/realtime-projects/Content/Primate/Textures/Primate/M_Primate.uasset" 479
"H:/GitHub/realtime-projects/Content/Primate/Characters/Player/200828_Primate_001_ao.uasset" 480
"H:/GitHub/realtime-projects/Content/Primate/Textures/Primate/MI_Primate.uasset" 481
"H:/GitHub/realtime-projects/Content/Primate/Characters/Player/200828_Primate_export.uasset" 482
"H:/GitHub/realtime-projects/Content/Megascans/3D_Asset/01_Ram_Skull_tiiief2fa/tiiief2fa_2K_Roughness.uasset" 483
"H:/GitHub/realtime-projects/Content/Megascans/3D_Asset/01_Ram_Skull_tiiief2fa/tiiief2fa_2K_Normal_LOD3.uasset" 484
"H:/GitHub/realtime-projects/Content/Megascans/3D_Asset/01_Ram_Skull_tiiief2fa/tiiief2fa_2K_Displacement.uasset" 485
"H:/GitHub/realtime-projects/Content/Megascans/3D_Asset/01_Ram_Skull_tiiief2fa/tiiief2fa_2K_Albedo.uasset" 486
"H:/GitHub/realtime-projects/Content/Megascans/3D_Asset/01_Ram_Skull_tiiief2fa/01_Ram_Skull_tiiief2fa_2K_inst.uasset" 487
"H:/GitHub/realtime-projects/Content/Megascans/3D_Asset/01_Ram_Skull_tiiief2fa/tiiief2fa_LOD3.uasset" 488
"H:/GitHub/realtime-projects/Content/SciFi_Cow/Meshes/SciFi_Building/200509_da_scifi_building_2_8_3_0_0.uasset" 489
"../../Plugins/2D/Paper2D/Content/PlaceholderTextures/FlatNormalMap.uasset" 490
"H:/GitHub/realtime-projects/Content/Megascans/3D_Assets/MassiveCanyoneSandstone_uk5oded_3d/Roughness_2K_uk5oded.uasset" 491
"../../../Engine/Content/ArtTools/RenderToTexture/Textures/127grey.uasset" 492
"H:/GitHub/realtime-projects/Content/MSPresets/MS_DefaultMaterial/Functions/MF_Transmission.uasset" 493
"../../../Engine/Content/Functions/Engine_MaterialFunctions02/Texturing/CustomRotator.uasset" 494
"H:/GitHub/realtime-projects/Content/MSPresets/MS_DefaultMaterial/Functions/MF_Tiling.uasset" 495
"H:/GitHub/realtime-projects/Content/MSPresets/MS_DefaultMaterial/Functions/MF_MapAdjustments.uasset" 496
"H:/GitHub/realtime-projects/Content/MSPresets/MS_DefaultMaterial/Functions/MF_DetailNormalTiling.uasset" 497
"H:/GitHub/realtime-projects/Content/MSPresets/MS_DefaultMaterial/MS_DefaultMaterial.uasset" 498
"H:/GitHub/realtime-projects/Content/Megascans/3D_Assets/MassiveCanyoneSandstone_uk5oded_3d/Albedo_2K_uk5oded.uasset" 499
"H:/GitHub/realtime-projects/Content/Megascans/3D_Assets/MassiveCanyoneSandstone_uk5oded_3d/MassiveCanyoneSandstone_uk5oded_3d_inst.uasset" 500
"H:/GitHub/realtime-projects/Content/Megascans/3D_Assets/MassiveCanyoneSandstone_uk5oded_3d/MassiveCanyoneSandstone_LOD0_uk5oded.uasset" 501
"H:/GitHub/realtime-projects/Content/Megascans/3D_Asset/07_Mossy_Stone_Column_Structure_selvF/RMD.uasset" 502
"H:/GitHub/realtime-projects/Content/Megascans/3D_Asset/07_Mossy_Stone_Column_Structure_selvF/Aset_structure_stone_M_selvF_2K_Normal_LOD3.uasset" 503
"H:/GitHub/realtime-projects/Content/Megascans/3D_Asset/07_Mossy_Stone_Column_Structure_selvF/Aset_structure_stone_M_selvF_2K_Albedo.uasset" 504
"H:/GitHub/realtime-projects/Content/Megascans/3D_Asset/06_Roman_Statue_tg1lch1fa/RMD.uasset" 505
"H:/GitHub/realtime-projects/Content/Megascans/3D_Asset/06_Roman_Statue_tg1lch1fa/tg1lch1fa_2K_Normal_LOD0.uasset" 506
"H:/GitHub/realtime-projects/Content/Megascans/3D_Asset/06_Roman_Statue_tg1lch1fa/tg1lch1fa_2K_Albedo.uasset" 507
"H:/GitHub/realtime-projects/Content/Megascans/3D_Asset/06_Roman_Statue_tg1lch1fa/M_Quixel_Master.uasset" 508
"H:/GitHub/realtime-projects/Content/Megascans/3D_Asset/07_Mossy_Stone_Column_Structure_selvF/MI_Column.uasset" 509
"H:/GitHub/realtime-projects/Content/Megascans/3D_Asset/07_Mossy_Stone_Column_Structure_selvF/07_Mossy_Stone_Column_Structure_selvF_2K_inst.uasset" 510
"H:/GitHub/realtime-projects/Content/Megascans/3D_Asset/07_Mossy_Stone_Column_Structure_selvF/Aset_structure_stone_M_selvF_LOD3.uasset" 511
"H:/GitHub/realtime-projects/Content/Megascans/3D_Asset/07_Icelandic_Lava_Spire_siExJ/siExJ_2K_Normal_LOD2.uasset" 512
"H:/GitHub/realtime-projects/Content/Megascans/3D_Asset/07_Icelandic_Lava_Spire_siExJ/siExJ_2K_Albedo.uasset" 513
"H:/GitHub/realtime-projects/Content/Megascans/3D_Asset/07_Icelandic_Lava_Spire_siExJ/07_Icelandic_Lava_Spire_siExJ_2K_inst.uasset" 514
"H:/GitHub/realtime-projects/Content/Megascans/3D_Asset/07_Icelandic_Lava_Spire_siExJ/siExJ_LOD3.uasset" 515
"H:/GitHub/realtime-projects/Content/Megascans/3D_Asset/06_Roman_Statue_tg1lch1fa/06_Roman_Statue_tg1lch1fa_2K_inst.uasset" 516
"H:/GitHub/realtime-projects/Content/Megascans/3D_Asset/06_Roman_Statue_tg1lch1fa/tg1lch1fa_LOD3.uasset" 517
"H:/GitHub/realtime-projects/Content/SciFi_Head/Maps/Campaign1/SciFiHead_Scene_003.umap" 518
"H:/GitHub/realtime-projects/Content/_Game/Blueprint/Framework/BP_SciFiGameStateBase.uasset" 519
"H:/GitHub/realtime-projects/Content/_Game/Blueprint/BP_SciFiPlayerState.uasset" 520
"H:/GitHub/realtime-projects/Content/_Game/Blueprint/BP_SciFiPlayerController.uasset" 521
"H:/GitHub/realtime-projects/Content/_Game/Blueprint/Framework/BP_SciFiGameModeBase.uasset" 522
"../../../Engine/Content/EngineSky/T_Sky_Stars.uasset" 523
"../../../Engine/Content/BasicShapes/Cube.uasset" 524
"../../../Engine/Content/EngineSky/T_Sky_Clouds_M.uasset" 525
"../../../Engine/Content/EngineSky/T_Sky_Blue.uasset" 526
"../../../Engine/Content/EngineSky/M_Sky_Panning_Clouds2.uasset" 527
"../../../Engine/Content/EngineSky/SM_SkySphere.uasset" 528
"../../../Engine/Content/EngineSky/C_Sky_Zenith_Color.uasset" 529
"../../../Engine/Content/EngineSky/C_Sky_Horizon_Color.uasset" 530
"../../../Engine/Content/EngineSky/C_Sky_Cloud_Color.uasset" 531
"../../../Engine/Content/EngineSky/BP_Sky_Sphere.uasset" 532
"../../../Engine/Content/MapTemplates/SM_Template_Map_Floor.uasset" 533
"H:/GitHub/realtime-projects/Content/_Game/Maps/DefaultMap_BuiltData.uasset" 534
"H:/GitHub/realtime-projects/Content/_Game/Maps/DefaultMap.umap" 535
"../../../Engine/Content/Maps/Entry_BuiltData.uasset" 536
"../../../Engine/Content/Maps/Entry.umap" 537
